This is pdfTeX, Version 3.1415926-2.3-1.40.12 (TeX Live 2011) (format=pdflatex 2011.7.3)  16 AUG 2016 15:04
entering extended mode
 \write18 enabled.
 file:line:error style messages enabled.
 %&-line parsing enabled.
**/Users/jeremy/Documents/hazan/akpca/TSWLatexianTemp_001643.tex
(/Users/jeremy/Documents/hazan/akpca/TSWLatexianTemp_001643.tex
LaTeX2e <2009/09/24>
Babel <v3.8l> and hyphenation patterns for english, dumylang, nohyphenation, german-x-2009-06-19, ngerman-x-2009-06-19, afrikaans, ancientgreek, ibycus, arabic, armenian, basque, bulgarian, catalan, pinyin, coptic, croatian, czech, danish, dutch, ukenglish, usenglishmax, esperanto, estonian, ethiopic, farsi, finnish, french, galician, german, ngerman, swissgerman, monogreek, greek, hungarian, icelandic, assamese, bengali, gujarati, hindi, kannada, malayalam, marathi, oriya, panjabi, tamil, telugu, indonesian, interlingua, irish, italian, kurmanji, lao, latin, latvian, lithuanian, mongolian, mongolianlmc, bokmal, nynorsk, polish, portuguese, romanian, russian, sanskrit, serbian, serbianc, slovak, slovenian, spanish, swedish, turkish, turkmen, ukrainian, uppersorbian, welsh, loaded.
(/usr/local/texlive/2011/texmf-dist/tex/latex/base/article.cls
Document Class: article 2007/10/19 v1.4h Standard LaTeX document class
(/usr/local/texlive/2011/texmf-dist/tex/latex/base/size10.clo
File: size10.clo 2007/10/19 v1.4h Standard LaTeX file (size option)
)
\c@part=\count79
\c@section=\count80
\c@subsection=\count81
\c@subsubsection=\count82
\c@paragraph=\count83
\c@subparagraph=\count84
\c@figure=\count85
\c@table=\count86
\abovecaptionskip=\skip41
\belowcaptionskip=\skip42
\bibindent=\dimen102
) (/usr/local/texlive/2011/texmf-dist/tex/latex/amsmath/amsmath.sty
Package: amsmath 2000/07/18 v2.13 AMS math features
\@mathmargin=\skip43

For additional information on amsmath, use the `?' option.
(/usr/local/texlive/2011/texmf-dist/tex/latex/amsmath/amstext.sty
Package: amstext 2000/06/29 v2.01
 (/usr/local/texlive/2011/texmf-dist/tex/latex/amsmath/amsgen.sty
File: amsgen.sty 1999/11/30 v2.0
\@emptytoks=\toks14
\ex@=\dimen103
)) (/usr/local/texlive/2011/texmf-dist/tex/latex/amsmath/amsbsy.sty
Package: amsbsy 1999/11/29 v1.2d
\pmbraise@=\dimen104
) (/usr/local/texlive/2011/texmf-dist/tex/latex/amsmath/amsopn.sty
Package: amsopn 1999/12/14 v2.01 operator names
)
\inf@bad=\count87
LaTeX Info: Redefining \frac on input line 211.
\uproot@=\count88
\leftroot@=\count89
LaTeX Info: Redefining \overline on input line 307.
\classnum@=\count90
\DOTSCASE@=\count91
LaTeX Info: Redefining \ldots on input line 379.
LaTeX Info: Redefining \dots on input line 382.
LaTeX Info: Redefining \cdots on input line 467.
\Mathstrutbox@=\box26
\strutbox@=\box27
\big@size=\dimen105
LaTeX Font Info:    Redeclaring font encoding OML on input line 567.
LaTeX Font Info:    Redeclaring font encoding OMS on input line 568.
\macc@depth=\count92
\c@MaxMatrixCols=\count93
\dotsspace@=\muskip10
\c@parentequation=\count94
\dspbrk@lvl=\count95
\tag@help=\toks15
\row@=\count96
\column@=\count97
\maxfields@=\count98
\andhelp@=\toks16
\eqnshift@=\dimen106
\alignsep@=\dimen107
\tagshift@=\dimen108
\tagwidth@=\dimen109
\totwidth@=\dimen110
\lineht@=\dimen111
\@envbody=\toks17
\multlinegap=\skip44
\multlinetaggap=\skip45
\mathdisplay@stack=\toks18
LaTeX Info: Redefining \[ on input line 2666.
LaTeX Info: Redefining \] on input line 2667.
) (/usr/local/texlive/2011/texmf-dist/tex/latex/graphics/graphicx.sty
Package: graphicx 1999/02/16 v1.0f Enhanced LaTeX Graphics (DPC,SPQR)
 (/usr/local/texlive/2011/texmf-dist/tex/latex/graphics/keyval.sty
Package: keyval 1999/03/16 v1.13 key=value parser (DPC)
\KV@toks@=\toks19
) (/usr/local/texlive/2011/texmf-dist/tex/latex/graphics/graphics.sty
Package: graphics 2009/02/05 v1.0o Standard LaTeX Graphics (DPC,SPQR)
 (/usr/local/texlive/2011/texmf-dist/tex/latex/graphics/trig.sty
Package: trig 1999/03/16 v1.09 sin cos tan (DPC)
) (/usr/local/texlive/2011/texmf-dist/tex/latex/latexconfig/graphics.cfg
File: graphics.cfg 2010/04/23 v1.9 graphics configuration of TeX Live
)
Package graphics Info: Driver file: pdftex.def on input line 91.
 (/usr/local/texlive/2011/texmf-dist/tex/latex/pdftex-def/pdftex.def
File: pdftex.def 2011/05/27 v0.06d Graphics/color for pdfTeX
 (/usr/local/texlive/2011/texmf-dist/tex/generic/oberdiek/infwarerr.sty
Package: infwarerr 2010/04/08 v1.3 Providing info/warning/message (HO)
) (/usr/local/texlive/2011/texmf-dist/tex/generic/oberdiek/ltxcmds.sty
Package: ltxcmds 2011/04/18 v1.20 LaTeX kernel commands for general use (HO)
)
\Gread@gobject=\count99
))
\Gin@req@height=\dimen112
\Gin@req@width=\dimen113
) (/usr/local/texlive/2011/texmf-dist/tex/latex/amsfonts/amssymb.sty
Package: amssymb 2009/06/22 v3.00
 (/usr/local/texlive/2011/texmf-dist/tex/latex/amsfonts/amsfonts.sty
Package: amsfonts 2009/06/22 v3.00 Basic AMSFonts support
\symAMSa=\mathgroup4
\symAMSb=\mathgroup5
LaTeX Font Info:    Overwriting math alphabet `\mathfrak' in version `bold'
(Font)                  U/euf/m/n --> U/euf/b/n on input line 96.
)) (/usr/local/texlive/2011/texmf-dist/tex/latex/geometry/geometry.sty
Package: geometry 2010/09/12 v5.6 Page Geometry
 (/usr/local/texlive/2011/texmf-dist/tex/generic/oberdiek/ifpdf.sty
Package: ifpdf 2011/01/30 v2.3 Provides the ifpdf switch (HO)
Package ifpdf Info: pdfTeX in PDF mode is detected.
) (/usr/local/texlive/2011/texmf-dist/tex/generic/oberdiek/ifvtex.sty
Package: ifvtex 2010/03/01 v1.5 Switches for detecting VTeX and its modes (HO)
Package ifvtex Info: VTeX not detected.
) (/usr/local/texlive/2011/texmf-dist/tex/generic/ifxetex/ifxetex.sty
Package: ifxetex 2010/09/12 v0.6 Provides ifxetex conditional
)
\Gm@cnth=\count100
\Gm@cntv=\count101
\c@Gm@tempcnt=\count102
\Gm@bindingoffset=\dimen114
\Gm@wd@mp=\dimen115
\Gm@odd@mp=\dimen116
\Gm@even@mp=\dimen117
\Gm@layoutwidth=\dimen118
\Gm@layoutheight=\dimen119
\Gm@layouthoffset=\dimen120
\Gm@layoutvoffset=\dimen121
\Gm@dimlist=\toks20
) (/usr/local/texlive/2011/texmf-dist/tex/latex/parskip/parskip.sty
Package: parskip 2001/04/09 non-zero parskip adjustments
) (/usr/local/texlive/2011/texmf-dist/tex/latex/algorithms/algorithm.sty
Package: algorithm 2009/08/24 v0.1 Document Style `algorithm' - floating environment
 (/usr/local/texlive/2011/texmf-dist/tex/latex/float/float.sty
Package: float 2001/11/08 v1.3d Float enhancements (AL)
\c@float@type=\count103
\float@exts=\toks21
\float@box=\box28
\@float@everytoks=\toks22
\@floatcapt=\box29
) (/usr/local/texlive/2011/texmf-dist/tex/latex/base/ifthen.sty
Package: ifthen 2001/05/26 v1.1c Standard LaTeX ifthen package (DPC)
)
\@float@every@algorithm=\toks23
\c@algorithm=\count104
) (/usr/local/texlive/2011/texmf-dist/tex/latex/algorithmicx/algpseudocode.sty
Package: algpseudocode 
 (/usr/local/texlive/2011/texmf-dist/tex/latex/algorithmicx/algorithmicx.sty
Package: algorithmicx 2005/04/27 v1.2 Algorithmicx

Document Style algorithmicx 1.2 - a greatly improved `algorithmic' style
\c@ALG@line=\count105
\c@ALG@rem=\count106
\c@ALG@nested=\count107
\ALG@tlm=\skip46
\ALG@thistlm=\skip47
\c@ALG@Lnr=\count108
\c@ALG@blocknr=\count109
\c@ALG@storecount=\count110
\c@ALG@tmpcounter=\count111
\ALG@tmplength=\skip48
)
Document Style - pseudocode environments for use with the `algorithmicx' style
)
No file TSWLatexianTemp_001643.aux.
\openout1 = `TSWLatexianTemp_001643.aux'.

LaTeX Font Info:    Checking defaults for OML/cmm/m/it on input line 15.
LaTeX Font Info:    ... okay on input line 15.
LaTeX Font Info:    Checking defaults for T1/cmr/m/n on input line 15.
LaTeX Font Info:    ... okay on input line 15.
LaTeX Font Info:    Checking defaults for OT1/cmr/m/n on input line 15.
LaTeX Font Info:    ... okay on input line 15.
LaTeX Font Info:    Checking defaults for OMS/cmsy/m/n on input line 15.
LaTeX Font Info:    ... okay on input line 15.
LaTeX Font Info:    Checking defaults for OMX/cmex/m/n on input line 15.
LaTeX Font Info:    ... okay on input line 15.
LaTeX Font Info:    Checking defaults for U/cmr/m/n on input line 15.
LaTeX Font Info:    ... okay on input line 15.
(/usr/local/texlive/2011/texmf-dist/tex/context/base/supp-pdf.mkii
[Loading MPS to PDF converter (version 2006.09.02).]
\scratchcounter=\count112
\scratchdimen=\dimen122
\scratchbox=\box30
\nofMPsegments=\count113
\nofMParguments=\count114
\everyMPshowfont=\toks24
\MPscratchCnt=\count115
\MPscratchDim=\dimen123
\MPnumerator=\count116
\makeMPintoPDFobject=\count117
\everyMPtoPDFconversion=\toks25
) (/usr/local/texlive/2011/texmf-dist/tex/generic/oberdiek/pdftexcmds.sty
Package: pdftexcmds 2011/04/22 v0.16 Utilities of pdfTeX for LuaTeX (HO)
 (/usr/local/texlive/2011/texmf-dist/tex/generic/oberdiek/ifluatex.sty
Package: ifluatex 2010/03/01 v1.3 Provides the ifluatex switch (HO)
Package ifluatex Info: LuaTeX not detected.
)
Package pdftexcmds Info: LuaTeX not detected.
Package pdftexcmds Info: \pdf@primitive is available.
Package pdftexcmds Info: \pdf@ifprimitive is available.
Package pdftexcmds Info: \pdfdraftmode found.
) (/usr/local/texlive/2011/texmf-dist/tex/latex/oberdiek/epstopdf-base.sty
Package: epstopdf-base 2010/02/09 v2.5 Base part for package epstopdf
 (/usr/local/texlive/2011/texmf-dist/tex/latex/oberdiek/grfext.sty
Package: grfext 2010/08/19 v1.1 Managing graphics extensions (HO)
 (/usr/local/texlive/2011/texmf-dist/tex/generic/oberdiek/kvdefinekeys.sty
Package: kvdefinekeys 2011/04/07 v1.3 Defining keys (HO)
)) (/usr/local/texlive/2011/texmf-dist/tex/latex/oberdiek/kvoptions.sty
Package: kvoptions 2010/12/23 v3.10 Keyval support for LaTeX options (HO)
 (/usr/local/texlive/2011/texmf-dist/tex/generic/oberdiek/kvsetkeys.sty
Package: kvsetkeys 2011/04/07 v1.13 Key value parser (HO)
 (/usr/local/texlive/2011/texmf-dist/tex/generic/oberdiek/etexcmds.sty
Package: etexcmds 2011/02/16 v1.5 Prefix for e-TeX command names (HO)
Package etexcmds Info: Could not find \expanded.
(etexcmds)             That can mean that you are not using pdfTeX 1.50 or
(etexcmds)             that some package has redefined \expanded.
(etexcmds)             In the latter case, load this package earlier.
)))
Package grfext Info: Graphics extension search list:
(grfext)             [.png,.pdf,.jpg,.mps,.jpeg,.jbig2,.jb2,.PNG,.PDF,.JPG,.JPEG,.JBIG2,.JB2,.eps]
(grfext)             \AppendGraphicsExtensions on input line 452.
 (/usr/local/texlive/2011/texmf-dist/tex/latex/latexconfig/epstopdf-sys.cfg
File: epstopdf-sys.cfg 2010/07/13 v1.3 Configuration of (r)epstopdf for TeX Live
))
*geometry* driver: auto-detecting
*geometry* detected driver: pdftex
*geometry* verbose mode - [ preamble ] result:
* driver: pdftex
* paper: <default>
* layout: <same size as paper>
* layoutoffset:(h,v)=(0.0pt,0.0pt)
* modes: 
* h-part:(L,W,R)=(72.26999pt, 469.75502pt, 72.26999pt)
* v-part:(T,H,B)=(72.26999pt, 650.43001pt, 72.26999pt)
* \paperwidth=614.295pt
* \paperheight=794.96999pt
* \textwidth=469.75502pt
* \textheight=650.43001pt
* \oddsidemargin=0.0pt
* \evensidemargin=0.0pt
* \topmargin=-37.0pt
* \headheight=12.0pt
* \headsep=25.0pt
* \topskip=10.0pt
* \footskip=30.0pt
* \marginparwidth=65.0pt
* \marginparsep=11.0pt
* \columnsep=10.0pt
* \skip\footins=9.0pt plus 4.0pt minus 2.0pt
* \hoffset=0.0pt
* \voffset=0.0pt
* \mag=1000
* \@twocolumnfalse
* \@twosidefalse
* \@mparswitchfalse
* \@reversemarginfalse
* (1in=72.27pt=25.4mm, 1cm=28.453pt)

LaTeX Font Info:    Try loading font information for U+msa on input line 21.
(/usr/local/texlive/2011/texmf-dist/tex/latex/amsfonts/umsa.fd
File: umsa.fd 2009/06/22 v3.00 AMS symbols A
)
LaTeX Font Info:    Try loading font information for U+msb on input line 21.
 (/usr/local/texlive/2011/texmf-dist/tex/latex/amsfonts/umsb.fd
File: umsb.fd 2009/06/22 v3.00 AMS symbols B
)

LaTeX Warning: Citation `scholkopf1997' on page 1 undefined on input line 34.

[1

{/usr/local/texlive/2011/texmf-var/fonts/map/pdftex/updmap/pdftex.map}]

LaTeX Warning: Reference `pca-opt' on page 2 undefined on input line 71.


LaTeX Warning: Citation `scholkopf1997' on page 2 undefined on input line 105.

[2] <figures/nonsep_data.png, id=26, 380.1402pt x 267.399pt>
File: figures/nonsep_data.png Graphic file (type png)
 <use figures/nonsep_data.png>
Package pdftex.def Info: figures/nonsep_data.png used on input line 116.
(pdftex.def)             Requested size: 152.05338pt x 106.9577pt.
 <figures/nonsep_data_pca.png, id=28, 339.669pt x 258.7266pt>
File: figures/nonsep_data_pca.png Graphic file (type png)
 <use figures/nonsep_data_pca.png>
Package pdftex.def Info: figures/nonsep_data_pca.png used on input line 118.
(pdftex.def)             Requested size: 135.86519pt x 103.48878pt.


LaTeX Warning: Reference `redblue-2' on page 3 undefined on input line 127.

<figures/3d.png, id=29, 350.7504pt x 238.0092pt>
File: figures/3d.png Graphic file (type png)
 <use figures/3d.png>
Package pdftex.def Info: figures/3d.png used on input line 131.
(pdftex.def)             Requested size: 140.29767pt x 95.20198pt.
 <figures/3d_encode.png, id=30, 317.988pt x 239.9364pt>
File: figures/3d_encode.png Graphic file (type png)
 <use figures/3d_encode.png>
Package pdftex.def Info: figures/3d_encode.png used on input line 133.
(pdftex.def)             Requested size: 127.19293pt x 95.97285pt.


LaTeX Warning: Reference `redblue' on page 3 undefined on input line 134.


LaTeX Warning: Reference `redblue' on page 3 undefined on input line 134.

[3 <./figures/nonsep_data.png> <./figures/nonsep_data_pca.png> <./figures/3d.png> <./figures/3d_encode.png>]

LaTeX Warning: Citation `scholkopf2002' on page 4 undefined on input line 153.


LaTeX Warning: Reference `linear-combo' on page 4 undefined on input line 196.


LaTeX Warning: Reference `ev-equation' on page 4 undefined on input line 196.

[4]

LaTeX Warning: Reference `eigenvalue-problem' on page 5 undefined on input line 239.

[5]

LaTeX Warning: Citation `williams2001' on page 6 undefined on input line 278.

[6]

LaTeX Warning: Citation `kwok2003' on page 7 undefined on input line 311.


LaTeX Warning: Citation `mika1999' on page 7 undefined on input line 311.

[7]

LaTeX Warning: Reference `bad-objective' on page 8 undefined on input line 336.


LaTeX Warning: Reference `the-inequality' on page 8 undefined on input line 342.


LaTeX Warning: Reference `the-inequality' on page 8 undefined on input line 344.


LaTeX Warning: Reference `bad-objective' on page 8 undefined on input line 344.


LaTeX Warning: Reference `akpca-objective' on page 8 undefined on input line 349.


LaTeX Warning: Reference `akpca-objective-unraveled' on page 8 undefined on input line 357.


LaTeX Warning: Reference `akpca-objective-unraveled' on page 8 undefined on input line 363.


LaTeX Warning: Citation `johnson2013' on page 8 undefined on input line 364.

[8]

LaTeX Warning: Reference `grad-a' on page 9 undefined on input line 396.


LaTeX Warning: Reference `grad-b' on page 9 undefined on input line 396.

[9]

LaTeX Warning: Reference `akpca-objective' on page 10 undefined on input line 425.


LaTeX Warning: Reference `def-a' on page 10 undefined on input line 433.


LaTeX Warning: Reference `def-b' on page 10 undefined on input line 433.


LaTeX Warning: Reference `def-a' on page 10 undefined on input line 433.


LaTeX Warning: Reference `def-b' on page 10 undefined on input line 433.


LaTeX Warning: Reference `ds-objective' on page 10 undefined on input line 439.


LaTeX Warning: Reference `ds-objective' on page 10 undefined on input line 440.

[10]

LaTeX Warning: Reference `ds-objective' on page 11 undefined on input line 486.

[11] <figures/mnist_14_short_recon_training.png, id=67, 399.4925pt x 282.05376pt>
File: figures/mnist_14_short_recon_training.png Graphic file (type png)
 <use figures/mnist_14_short_recon_training.png>
Package pdftex.def Info: figures/mnist_14_short_recon_training.png used on input line 570.
(pdftex.def)             Requested size: 199.74576pt x 141.02652pt.
 <figures/mnist_14_long_recon_training.png, id=68, 397.485pt x 282.05376pt>
File: figures/mnist_14_long_recon_training.png Graphic file (type png)
 <use figures/mnist_14_long_recon_training.png>
Package pdftex.def Info: figures/mnist_14_long_recon_training.png used on input line 571.
(pdftex.def)             Requested size: 198.742pt x 141.02652pt.
 <figures/mnist_28_short_recon_training.png, id=69, 399.4925pt x 282.05376pt>
File: figures/mnist_28_short_recon_training.png Graphic file (type png)
 <use figures/mnist_28_short_recon_training.png>
Package pdftex.def Info: figures/mnist_28_short_recon_training.png used on input line 572.
(pdftex.def)             Requested size: 199.74576pt x 141.02652pt.
 [12] <figures/mnist_14_short_recon_testing.png, id=73, 400.49625pt x 282.05376pt>
File: figures/mnist_14_short_recon_testing.png Graphic file (type png)
 <use figures/mnist_14_short_recon_testing.png>
Package pdftex.def Info: figures/mnist_14_short_recon_testing.png used on input line 589.
(pdftex.def)             Requested size: 200.24763pt x 141.02652pt.
 <figures/mnist_14_long_recon_testing.png, id=74, 398.48875pt x 282.05376pt>
File: figures/mnist_14_long_recon_testing.png Graphic file (type png)
 <use figures/mnist_14_long_recon_testing.png>
Package pdftex.def Info: figures/mnist_14_long_recon_testing.png used on input line 590.
(pdftex.def)             Requested size: 199.24388pt x 141.02652pt.
 <figures/mnist_28_short_recon_testing.png, id=75, 397.485pt x 282.05376pt>
File: figures/mnist_28_short_recon_testing.png Graphic file (type png)
 <use figures/mnist_28_short_recon_testing.png>
Package pdftex.def Info: figures/mnist_28_short_recon_testing.png used on input line 591.
(pdftex.def)             Requested size: 198.742pt x 141.02652pt.


LaTeX Warning: `h' float specifier changed to `ht'.


LaTeX Warning: Reference `training-vs-test' on page 13 undefined on input line 596.

<figures/mnist_14_short_training_testing.png, id=76, 376.40625pt x 282.05376pt>
File: figures/mnist_14_short_training_testing.png Graphic file (type png)
 <use figures/mnist_14_short_training_testing.png>
Package pdftex.def Info: figures/mnist_14_short_training_testing.png used on input line 603.
(pdftex.def)             Requested size: 188.20265pt x 141.02652pt.
 <figures/mnist_14_long_training_testing.png, id=77, 376.40625pt x 282.05376pt>
File: figures/mnist_14_long_training_testing.png Graphic file (type png)
 <use figures/mnist_14_long_training_testing.png>
Package pdftex.def Info: figures/mnist_14_long_training_testing.png used on input line 604.
(pdftex.def)             Requested size: 188.20265pt x 141.02652pt.


LaTeX Warning: Reference `short-vs-long' on page 13 undefined on input line 610.

<figures/mnist_14_testing_short_long.png, id=78, 376.40625pt x 297.11pt>
File: figures/mnist_14_testing_short_long.png Graphic file (type png)
 <use figures/mnist_14_testing_short_long.png>
Package pdftex.def Info: figures/mnist_14_testing_short_long.png used on input line 615.
(pdftex.def)             Requested size: 188.20265pt x 148.55463pt.


LaTeX Warning: `h' float specifier changed to `ht'.

[13 <./figures/mnist_14_short_recon_training.png> <./figures/mnist_14_long_recon_training.png> <./figures/mnist_28_short_recon_training.png>]

LaTeX Warning: Reference `gaussian-noise' on page 14 undefined on input line 626.

<figures/digit_6700_noise_sd_0.png, id=86, 135.50626pt x 135.50626pt>
File: figures/digit_6700_noise_sd_0.png Graphic file (type png)
 <use figures/digit_6700_noise_sd_0.png>
Package pdftex.def Info: figures/digit_6700_noise_sd_0.png used on input line 630.
(pdftex.def)             Requested size: 81.30437pt x 81.30437pt.
 <figures/digit_6700_noise_sd_2.png, id=87, 135.50626pt x 135.50626pt>
File: figures/digit_6700_noise_sd_2.png Graphic file (type png)
 <use figures/digit_6700_noise_sd_2.png>
Package pdftex.def Info: figures/digit_6700_noise_sd_2.png used on input line 631.
(pdftex.def)             Requested size: 81.30437pt x 81.30437pt.
 <figures/digit_6700_noise_sd_4.png, id=88, 135.50626pt x 135.50626pt>
File: figures/digit_6700_noise_sd_4.png Graphic file (type png)
 <use figures/digit_6700_noise_sd_4.png>
Package pdftex.def Info: figures/digit_6700_noise_sd_4.png used on input line 632.
(pdftex.def)             Requested size: 81.30437pt x 81.30437pt.
 <figures/digit_6700_noise_sd_6.png, id=89, 135.50626pt x 135.50626pt>
File: figures/digit_6700_noise_sd_6.png Graphic file (type png)
 <use figures/digit_6700_noise_sd_6.png>
Package pdftex.def Info: figures/digit_6700_noise_sd_6.png used on input line 633.
(pdftex.def)             Requested size: 81.30437pt x 81.30437pt.
 <figures/digit_13400_noise_sd_0.png, id=90, 135.50626pt x 135.50626pt>
File: figures/digit_13400_noise_sd_0.png Graphic file (type png)
 <use figures/digit_13400_noise_sd_0.png>
Package pdftex.def Info: figures/digit_13400_noise_sd_0.png used on input line 635.
(pdftex.def)             Requested size: 81.30437pt x 81.30437pt.
 <figures/digit_13400_noise_sd_2.png, id=91, 135.50626pt x 135.50626pt>
File: figures/digit_13400_noise_sd_2.png Graphic file (type png)
 <use figures/digit_13400_noise_sd_2.png>
Package pdftex.def Info: figures/digit_13400_noise_sd_2.png used on input line 636.
(pdftex.def)             Requested size: 81.30437pt x 81.30437pt.
 <figures/digit_13400_noise_sd_4.png, id=92, 135.50626pt x 135.50626pt>
File: figures/digit_13400_noise_sd_4.png Graphic file (type png)
 <use figures/digit_13400_noise_sd_4.png>
Package pdftex.def Info: figures/digit_13400_noise_sd_4.png used on input line 637.
(pdftex.def)             Requested size: 81.30437pt x 81.30437pt.
 <figures/digit_13400_noise_sd_6.png, id=93, 135.50626pt x 135.50626pt>
File: figures/digit_13400_noise_sd_6.png Graphic file (type png)
 <use figures/digit_13400_noise_sd_6.png>
Package pdftex.def Info: figures/digit_13400_noise_sd_6.png used on input line 638.
(pdftex.def)             Requested size: 81.30437pt x 81.30437pt.
 <figures/digit_20100_noise_sd_0.png, id=94, 135.50626pt x 135.50626pt>
File: figures/digit_20100_noise_sd_0.png Graphic file (type png)
 <use figures/digit_20100_noise_sd_0.png>
Package pdftex.def Info: figures/digit_20100_noise_sd_0.png used on input line 640.
(pdftex.def)             Requested size: 81.30437pt x 81.30437pt.
 <figures/digit_20100_noise_sd_2.png, id=95, 135.50626pt x 135.50626pt>
File: figures/digit_20100_noise_sd_2.png Graphic file (type png)
 <use figures/digit_20100_noise_sd_2.png>
Package pdftex.def Info: figures/digit_20100_noise_sd_2.png used on input line 641.
(pdftex.def)             Requested size: 81.30437pt x 81.30437pt.
 <figures/digit_20100_noise_sd_4.png, id=96, 135.50626pt x 135.50626pt>
File: figures/digit_20100_noise_sd_4.png Graphic file (type png)
 <use figures/digit_20100_noise_sd_4.png>
Package pdftex.def Info: figures/digit_20100_noise_sd_4.png used on input line 642.
(pdftex.def)             Requested size: 81.30437pt x 81.30437pt.
 <figures/digit_20100_noise_sd_6.png, id=97, 135.50626pt x 135.50626pt>
File: figures/digit_20100_noise_sd_6.png Graphic file (type png)
 <use figures/digit_20100_noise_sd_6.png>
Package pdftex.def Info: figures/digit_20100_noise_sd_6.png used on input line 643.
(pdftex.def)             Requested size: 81.30437pt x 81.30437pt.


LaTeX Warning: `h' float specifier changed to `ht'.


LaTeX Warning: Reference `gaussian-denoising' on page 14 undefined on input line 649.

[14 <./figures/mnist_14_short_recon_testing.png> <./figures/mnist_14_long_recon_testing.png> <./figures/mnist_28_short_recon_testing.png> <./figures/mnist_14_short_training_testing.png> <./figures/mnist_14_long_training_testing.png>]

LaTeX Warning: Reference `gaussian-denoising' on page 15 undefined on input line 651.


LaTeX Warning: Reference `gaussian-noise' on page 15 undefined on input line 654.

<figures/mnist_14_short_denoise_k10.png, id=106, 402.50375pt x 297.11pt>
File: figures/mnist_14_short_denoise_k10.png Graphic file (type png)
 <use figures/mnist_14_short_denoise_k10.png>
Package pdftex.def Info: figures/mnist_14_short_denoise_k10.png used on input line 661.
(pdftex.def)             Requested size: 201.25137pt x 148.55463pt.
 <figures/mnist_14_short_denoise_k20.png, id=107, 402.50375pt x 297.11pt>
File: figures/mnist_14_short_denoise_k20.png Graphic file (type png)
 <use figures/mnist_14_short_denoise_k20.png>
Package pdftex.def Info: figures/mnist_14_short_denoise_k20.png used on input line 662.
(pdftex.def)             Requested size: 201.25137pt x 148.55463pt.
 <figures/mnist_14_long_denoise_k10.png, id=108, 402.50375pt x 297.11pt>
File: figures/mnist_14_long_denoise_k10.png Graphic file (type png)
 <use figures/mnist_14_long_denoise_k10.png>
Package pdftex.def Info: figures/mnist_14_long_denoise_k10.png used on input line 664.
(pdftex.def)             Requested size: 201.25137pt x 148.55463pt.
 <figures/mnist_14_long_denoise_k20.png, id=109, 402.50375pt x 297.11pt>
File: figures/mnist_14_long_denoise_k20.png Graphic file (type png)
 <use figures/mnist_14_long_denoise_k20.png>
Package pdftex.def Info: figures/mnist_14_long_denoise_k20.png used on input line 665.
(pdftex.def)             Requested size: 201.25137pt x 148.55463pt.
 <figures/mnist_28_short_denoise_k10.png, id=110, 402.50375pt x 297.11pt>
File: figures/mnist_28_short_denoise_k10.png Graphic file (type png)
 <use figures/mnist_28_short_denoise_k10.png>
Package pdftex.def Info: figures/mnist_28_short_denoise_k10.png used on input line 667.
(pdftex.def)             Requested size: 201.25137pt x 148.55463pt.
 <figures/mnist_28_short_denoise_k20.png, id=111, 402.50375pt x 297.11pt>
File: figures/mnist_28_short_denoise_k20.png Graphic file (type png)
 <use figures/mnist_28_short_denoise_k20.png>
Package pdftex.def Info: figures/mnist_28_short_denoise_k20.png used on input line 668.
(pdftex.def)             Requested size: 201.25137pt x 148.55463pt.


LaTeX Warning: `h' float specifier changed to `ht'.


LaTeX Warning: Citation `mika1999' on page 15 undefined on input line 677.


LaTeX Warning: Reference `speckle-noise' on page 15 undefined on input line 679.

<figures/digit_6700_prob_zero_0.png, id=112, 361.35pt x 361.35pt>
File: figures/digit_6700_prob_zero_0.png Graphic file (type png)
 <use figures/digit_6700_prob_zero_0.png>
Package pdftex.def Info: figures/digit_6700_prob_zero_0.png used on input line 683.
(pdftex.def)             Requested size: 83.10875pt x 83.10875pt.
 <figures/digit_6700_prob_zero_2.png, id=113, 361.35pt x 361.35pt>
File: figures/digit_6700_prob_zero_2.png Graphic file (type png)
 <use figures/digit_6700_prob_zero_2.png>
Package pdftex.def Info: figures/digit_6700_prob_zero_2.png used on input line 684.
(pdftex.def)             Requested size: 83.10875pt x 83.10875pt.
 <figures/digit_6700_prob_zero_3.png, id=114, 361.35pt x 361.35pt>
File: figures/digit_6700_prob_zero_3.png Graphic file (type png)
 <use figures/digit_6700_prob_zero_3.png>
Package pdftex.def Info: figures/digit_6700_prob_zero_3.png used on input line 685.
(pdftex.def)             Requested size: 83.10875pt x 83.10875pt.
 <figures/digit_6700_prob_zero_4.png, id=115, 361.35pt x 361.35pt>
File: figures/digit_6700_prob_zero_4.png Graphic file (type png)
 <use figures/digit_6700_prob_zero_4.png>
Package pdftex.def Info: figures/digit_6700_prob_zero_4.png used on input line 686.
(pdftex.def)             Requested size: 83.10875pt x 83.10875pt.
 <figures/digit_13400_prob_zero_0.png, id=116, 361.35pt x 361.35pt>
File: figures/digit_13400_prob_zero_0.png Graphic file (type png)
 <use figures/digit_13400_prob_zero_0.png>
Package pdftex.def Info: figures/digit_13400_prob_zero_0.png used on input line 688.
(pdftex.def)             Requested size: 83.10875pt x 83.10875pt.
 <figures/digit_13400_prob_zero_2.png, id=117, 361.35pt x 361.35pt>
File: figures/digit_13400_prob_zero_2.png Graphic file (type png)
 <use figures/digit_13400_prob_zero_2.png>
Package pdftex.def Info: figures/digit_13400_prob_zero_2.png used on input line 689.
(pdftex.def)             Requested size: 83.10875pt x 83.10875pt.
 <figures/digit_13400_prob_zero_3.png, id=118, 361.35pt x 361.35pt>
File: figures/digit_13400_prob_zero_3.png Graphic file (type png)
 <use figures/digit_13400_prob_zero_3.png>
Package pdftex.def Info: figures/digit_13400_prob_zero_3.png used on input line 690.
(pdftex.def)             Requested size: 83.10875pt x 83.10875pt.
 <figures/digit_13400_prob_zero_4.png, id=119, 361.35pt x 361.35pt>
File: figures/digit_13400_prob_zero_4.png Graphic file (type png)
 <use figures/digit_13400_prob_zero_4.png>
Package pdftex.def Info: figures/digit_13400_prob_zero_4.png used on input line 691.
(pdftex.def)             Requested size: 83.10875pt x 83.10875pt.
 <figures/digit_20100_prob_zero_0.png, id=120, 361.35pt x 361.35pt>
File: figures/digit_20100_prob_zero_0.png Graphic file (type png)
 <use figures/digit_20100_prob_zero_0.png>
Package pdftex.def Info: figures/digit_20100_prob_zero_0.png used on input line 693.
(pdftex.def)             Requested size: 83.10875pt x 83.10875pt.
 <figures/digit_20100_prob_zero_2.png, id=121, 361.35pt x 361.35pt>
File: figures/digit_20100_prob_zero_2.png Graphic file (type png)
 <use figures/digit_20100_prob_zero_2.png>
Package pdftex.def Info: figures/digit_20100_prob_zero_2.png used on input line 694.
(pdftex.def)             Requested size: 83.10875pt x 83.10875pt.
 <figures/digit_20100_prob_zero_3.png, id=122, 361.35pt x 361.35pt>
File: figures/digit_20100_prob_zero_3.png Graphic file (type png)
 <use figures/digit_20100_prob_zero_3.png>
Package pdftex.def Info: figures/digit_20100_prob_zero_3.png used on input line 695.
(pdftex.def)             Requested size: 83.10875pt x 83.10875pt.
 <figures/digit_20100_prob_zero_4.png, id=123, 361.35pt x 361.35pt>
File: figures/digit_20100_prob_zero_4.png Graphic file (type png)
 <use figures/digit_20100_prob_zero_4.png>
Package pdftex.def Info: figures/digit_20100_prob_zero_4.png used on input line 696.
(pdftex.def)             Requested size: 83.10875pt x 83.10875pt.


LaTeX Warning: `h' float specifier changed to `ht'.


LaTeX Warning: Reference `speckle-denoising' on page 15 undefined on input line 702.

[15 <./figures/mnist_14_testing_short_long.png>] [16 <./figures/digit_6700_noise_sd_0.png> <./figures/digit_6700_noise_sd_2.png> <./figures/digit_6700_noise_sd_4.png> <./figures/digit_6700_noise_sd_6.png> <./figures/digit_13400_noise_sd_0.png> <./figures/digit_13400_noise_sd_2.png> <./figures/digit_13400_noise_sd_4.png> <./figures/digit_13400_noise_sd_6.png> <./figures/digit_20100_noise_sd_0.png> <./figures/digit_20100_noise_sd_2.png> <./figures/digit_20100_noise_sd_4.png> <./figures/digit_20100_noise_sd_6.png>] [17 <./figures/mnist_14_short_denoise_k10.png> <./figures/mnist_14_short_denoise_k20.png> <./figures/mnist_14_long_denoise_k10.png> <./figures/mnist_14_long_denoise_k20.png> <./figures/mnist_28_short_denoise_k10.png> <./figures/mnist_28_short_denoise_k20.png>] [18 <./figures/digit_6700_prob_zero_0.png> <./figures/digit_6700_prob_zero_2.png> <./figures/digit_6700_prob_zero_3.png> <./figures/digit_6700_prob_zero_4.png> <./figures/digit_13400_prob_zero_0.png> <./figures/digit_13400_prob_zero_2.png> <./figures/digit_13400_prob_zero_3.png> <./figures/digit_13400_prob_zero_4.png> <./figures/digit_20100_prob_zero_0.png> <./figures/digit_20100_prob_zero_2.png> <./figures/digit_20100_prob_zero_3.png> <./figures/digit_20100_prob_zero_4.png>] <figures/mnist_14_short_speckle_k10.png, id=167, 402.50375pt x 297.11pt>
File: figures/mnist_14_short_speckle_k10.png Graphic file (type png)
 <use figures/mnist_14_short_speckle_k10.png>
Package pdftex.def Info: figures/mnist_14_short_speckle_k10.png used on input line 710.
(pdftex.def)             Requested size: 201.25137pt x 148.55463pt.
 <figures/mnist_14_short_speckle_k20.png, id=168, 402.50375pt x 297.11pt>
File: figures/mnist_14_short_speckle_k20.png Graphic file (type png)
 <use figures/mnist_14_short_speckle_k20.png>
Package pdftex.def Info: figures/mnist_14_short_speckle_k20.png used on input line 711.
(pdftex.def)             Requested size: 201.25137pt x 148.55463pt.
 <figures/mnist_14_long_speckle_k10.png, id=169, 402.50375pt x 297.11pt>
File: figures/mnist_14_long_speckle_k10.png Graphic file (type png)
 <use figures/mnist_14_long_speckle_k10.png>
Package pdftex.def Info: figures/mnist_14_long_speckle_k10.png used on input line 713.
(pdftex.def)             Requested size: 201.25137pt x 148.55463pt.
 <figures/mnist_14_long_speckle_k20.png, id=170, 402.50375pt x 297.11pt>
File: figures/mnist_14_long_speckle_k20.png Graphic file (type png)
 <use figures/mnist_14_long_speckle_k20.png>
Package pdftex.def Info: figures/mnist_14_long_speckle_k20.png used on input line 714.
(pdftex.def)             Requested size: 201.25137pt x 148.55463pt.
 <figures/mnist_28_short_speckle_k10.png, id=171, 402.50375pt x 297.11pt>
File: figures/mnist_28_short_speckle_k10.png Graphic file (type png)
 <use figures/mnist_28_short_speckle_k10.png>
Package pdftex.def Info: figures/mnist_28_short_speckle_k10.png used on input line 716.
(pdftex.def)             Requested size: 201.25137pt x 148.55463pt.
 <figures/mnist_28_short_speckle_k20.png, id=172, 402.50375pt x 297.11pt>
File: figures/mnist_28_short_speckle_k20.png Graphic file (type png)
 <use figures/mnist_28_short_speckle_k20.png>
Package pdftex.def Info: figures/mnist_28_short_speckle_k20.png used on input line 717.
(pdftex.def)             Requested size: 201.25137pt x 148.55463pt.
 [19

 <./figures/mnist_14_short_speckle_k10.png> <./figures/mnist_14_short_speckle_k20.png> <./figures/mnist_14_long_speckle_k10.png> <./figures/mnist_14_long_speckle_k20.png> <./figures/mnist_28_short_speckle_k10.png> <./figures/mnist_28_short_speckle_k20.png>]

LaTeX Warning: Reference `classification-accuracy' on page 20 undefined on input line 736.

<figures/mnist_14_short_classify_18.png, id=183, 397.485pt x 297.11pt>
File: figures/mnist_14_short_classify_18.png Graphic file (type png)
 <use figures/mnist_14_short_classify_18.png>
Package pdftex.def Info: figures/mnist_14_short_classify_18.png used on input line 742.
(pdftex.def)             Requested size: 198.742pt x 148.55463pt.
 <figures/mnist_14_short_classify_1750.png, id=184, 397.485pt x 297.11pt>
File: figures/mnist_14_short_classify_1750.png Graphic file (type png)
 <use figures/mnist_14_short_classify_1750.png>
Package pdftex.def Info: figures/mnist_14_short_classify_1750.png used on input line 743.
(pdftex.def)             Requested size: 198.742pt x 148.55463pt.
 <figures/mnist_14_long_classify_18.png, id=185, 397.485pt x 297.11pt>
File: figures/mnist_14_long_classify_18.png Graphic file (type png)
 <use figures/mnist_14_long_classify_18.png>
Package pdftex.def Info: figures/mnist_14_long_classify_18.png used on input line 745.
(pdftex.def)             Requested size: 198.742pt x 148.55463pt.
 <figures/mnist_14_long_classify_1750.png, id=186, 397.485pt x 297.11pt>
File: figures/mnist_14_long_classify_1750.png Graphic file (type png)
 <use figures/mnist_14_long_classify_1750.png>
Package pdftex.def Info: figures/mnist_14_long_classify_1750.png used on input line 746.
(pdftex.def)             Requested size: 198.742pt x 148.55463pt.
 <figures/mnist_28_short_classify_18.png, id=187, 397.485pt x 297.11pt>
File: figures/mnist_28_short_classify_18.png Graphic file (type png)
 <use figures/mnist_28_short_classify_18.png>
Package pdftex.def Info: figures/mnist_28_short_classify_18.png used on input line 748.
(pdftex.def)             Requested size: 198.742pt x 148.55463pt.
 <figures/mnist_28_short_classify_1750.png, id=188, 397.485pt x 297.11pt>
File: figures/mnist_28_short_classify_1750.png Graphic file (type png)
 <use figures/mnist_28_short_classify_1750.png>
Package pdftex.def Info: figures/mnist_28_short_classify_1750.png used on input line 749.
(pdftex.def)             Requested size: 198.742pt x 148.55463pt.


LaTeX Warning: `h' float specifier changed to `ht'.

[20] [21 <./figures/mnist_14_short_classify_18.png> <./figures/mnist_14_short_classify_1750.png> <./figures/mnist_14_long_classify_18.png> <./figures/mnist_14_long_classify_1750.png> <./figures/mnist_28_short_classify_18.png> <./figures/mnist_28_short_classify_1750.png>] [22

] (./TSWLatexianTemp_001643.aux)

LaTeX Warning: There were undefined references.


LaTeX Warning: Label(s) may have changed. Rerun to get cross-references right.

 ) 
Here is how much of TeX's memory you used:
 3762 strings out of 493633
 58063 string characters out of 3143378
 118101 words of memory out of 3000000
 6938 multiletter control sequences out of 15000+200000
 14919 words of font info for 56 fonts, out of 3000000 for 9000
 831 hyphenation exceptions out of 8191
 38i,14n,32p,501b,259s stack positions out of 5000i,500n,10000p,200000b,50000s
</usr/local/texlive/2011/texmf-dist/fonts/type1/public/amsfonts/cm/cmbx10.pfb></usr/local/texlive/2011/texmf-dist/fonts/type1/public/amsfonts/cm/cmbx12.pfb></usr/local/texlive/2011/texmf-dist/fonts/type1/public/amsfonts/cm/cmbx7.pfb></usr/local/texlive/2011/texmf-dist/fonts/type1/public/amsfonts/cm/cmex10.pfb></usr/local/texlive/2011/texmf-dist/fonts/type1/public/amsfonts/cm/cmmi10.pfb></usr/local/texlive/2011/texmf-dist/fonts/type1/public/amsfonts/cm/cmmi5.pfb></usr/local/texlive/2011/texmf-dist/fonts/type1/public/amsfonts/cm/cmmi7.pfb></usr/local/texlive/2011/texmf-dist/fonts/type1/public/amsfonts/cm/cmmib10.pfb></usr/local/texlive/2011/texmf-dist/fonts/type1/public/amsfonts/cm/cmr10.pfb></usr/local/texlive/2011/texmf-dist/fonts/type1/public/amsfonts/cm/cmr12.pfb></usr/local/texlive/2011/texmf-dist/fonts/type1/public/amsfonts/cm/cmr17.pfb></usr/local/texlive/2011/texmf-dist/fonts/type1/public/amsfonts/cm/cmr5.pfb></usr/local/texlive/2011/texmf-dist/fonts/type1/public/amsfonts/cm/cmr6.pfb></usr/local/texlive/2011/texmf-dist/fonts/type1/public/amsfonts/cm/cmr7.pfb></usr/local/texlive/2011/texmf-dist/fonts/type1/public/amsfonts/cm/cmr8.pfb></usr/local/texlive/2011/texmf-dist/fonts/type1/public/amsfonts/cm/cmsy10.pfb></usr/local/texlive/2011/texmf-dist/fonts/type1/public/amsfonts/cm/cmsy5.pfb></usr/local/texlive/2011/texmf-dist/fonts/type1/public/amsfonts/cm/cmsy7.pfb></usr/local/texlive/2011/texmf-dist/fonts/type1/public/amsfonts/cm/cmti10.pfb></usr/local/texlive/2011/texmf-dist/fonts/type1/public/amsfonts/symbols/msbm10.pfb></usr/local/texlive/2011/texmf-dist/fonts/type1/public/amsfonts/symbols/msbm7.pfb>
Output written on TSWLatexianTemp_001643.pdf (22 pages, 2120583 bytes).
PDF statistics:
 271 PDF objects out of 1000 (max. 8388607)
 114 compressed objects within 2 object streams
 0 named destinations out of 1000 (max. 500000)
 276 words of extra memory for PDF output out of 10000 (max. 10000000)

